<?xml version="1.0" encoding="UTF-8"?>
<testsuite xmlns:xsi="http://www.w3.org/2001/XMLSchema-instance" xsi:noNamespaceSchemaLocation="https://maven.apache.org/surefire/maven-surefire-plugin/xsd/surefire-test-report.xsd" name="com.mes.web.production.domain.model.ProductionRecordTest" time="0.008" tests="20" errors="0" skipped="0" failures="0">
  <properties>
[...]
</properties>
  <testcase name="shouldReturnUnmodifiableList" classname="com.mes.web.production.domain.model.ProductionRecordTest$StepTests" time="0"/>
  <testcase name="shouldAddProcessStep" classname="com.mes.web.production.domain.model.ProductionRecordTest$StepTests" time="0"/>
  <testcase name="shouldRegisterCompletedEvent" classname="com.mes.web.production.domain.model.ProductionRecordTest$FinishTests" time="0.001"/>
  <testcase name="shouldRejectFinishFromNonRunningStatus" classname="com.mes.web.production.domain.model.ProductionRecordTest$FinishTests" time="0"/>
  <testcase name="shouldTransitionToFinished" classname="com.mes.web.production.domain.model.ProductionRecordTest$FinishTests" time="0"/>
  <testcase name="shouldNotRegisterDefectEventWhenNoDefective" classname="com.mes.web.production.domain.model.ProductionRecordTest$RecordOutputTests" time="0"/>
  <testcase name="shouldUpdateOutput" classname="com.mes.web.production.domain.model.ProductionRecordTest$RecordOutputTests" time="0"/>
  <testcase name="shouldRegisterDefectEventWhenDefectiveGreaterThanZero" classname="com.mes.web.production.domain.model.ProductionRecordTest$RecordOutputTests" time="0"/>
  <testcase name="shouldTransitionToRunning" classname="com.mes.web.production.domain.model.ProductionRecordTest$ResumeTests" time="0.001"/>
  <testcase name="shouldTransitionToRunning" classname="com.mes.web.production.domain.model.ProductionRecordTest$StartTests" time="0"/>
  <testcase name="shouldRejectResumeFromNonPausedStatus" classname="com.mes.web.production.domain.model.ProductionRecordTest$ResumeTests" time="0"/>
  <testcase name="shouldTransitionToPaused" classname="com.mes.web.production.domain.model.ProductionRecordTest$PauseTests" time="0.001"/>
  <testcase name="shouldRejectPauseFromNonRunningStatus" classname="com.mes.web.production.domain.model.ProductionRecordTest$PauseTests" time="0"/>
  <testcase name="shouldRejectStartFromNonPendingStatus" classname="com.mes.web.production.domain.model.ProductionRecordTest$StartTests" time="0"/>
  <testcase name="shouldRegisterStartedEvent" classname="com.mes.web.production.domain.model.ProductionRecordTest$StartTests" time="0"/>
  <testcase name="shouldBeInPendingStatus" classname="com.mes.web.production.domain.model.ProductionRecordTest$ConstructionTests" time="0"/>
  <testcase name="shouldHaveNoDomainEvents" classname="com.mes.web.production.domain.model.ProductionRecordTest$ConstructionTests" time="0"/>
  <testcase name="shouldRejectNullWorkOrderId" classname="com.mes.web.production.domain.model.ProductionRecordTest$ConstructionTests" time="0"/>
  <testcase name="shouldRejectNullProductionLine" classname="com.mes.web.production.domain.model.ProductionRecordTest$ConstructionTests" time="0.001"/>
  <testcase name="shouldHaveZeroOutput" classname="com.mes.web.production.domain.model.ProductionRecordTest$ConstructionTests" time="0"/>
</testsuite>